2022-01-12 03:58:19.264  INFO 18876 --- [main] c.e.b.BeyondMeetingApplication           : Starting BeyondMeetingApplication using Java 11.0.13 on DESKTOP-KVCQHCD with PID 18876 (C:\Users\multicampus\Git\공통PJT\skeleton-project\beyondMeeting\build\classes\java\main started by multicampus in C:\Users\multicampus\Git\공통PJT\skeleton-project\beyondMeeting)
2022-01-12 03:58:19.266  INFO 18876 --- [main] c.e.b.BeyondMeetingApplication           : No active profile set, falling back to default profiles: default
2022-01-12 03:58:19.710  INFO 18876 --- [main] .s.d.r.c.RepositoryConfigurationDelegate : Bootstrapping Spring Data JPA repositories in DEFAULT mode.
2022-01-12 03:58:19.757  INFO 18876 --- [main] .s.d.r.c.RepositoryConfigurationDelegate : Finished Spring Data repository scanning in 31 ms. Found 1 JPA repository interfaces.
2022-01-12 03:58:20.394  INFO 18876 --- [main] o.s.b.w.embedded.tomcat.TomcatWebServer  : Tomcat initialized with port(s): 8080 (http)
2022-01-12 03:58:20.402  INFO 18876 --- [main] o.apache.catalina.core.StandardService   : Starting service [Tomcat]
2022-01-12 03:58:20.402  INFO 18876 --- [main] org.apache.catalina.core.StandardEngine  : Starting Servlet engine: [Apache Tomcat/9.0.56]
2022-01-12 03:58:20.485  INFO 18876 --- [main] o.a.c.c.C.[Tomcat].[localhost].[/]       : Initializing Spring embedded WebApplicationContext
2022-01-12 03:58:20.486  INFO 18876 --- [main] w.s.c.ServletWebServerApplicationContext : Root WebApplicationContext: initialization completed in 1189 ms
2022-01-12 03:58:20.602  INFO 18876 --- [main] o.hibernate.jpa.internal.util.LogHelper  : HHH000204: Processing PersistenceUnitInfo [name: default]
2022-01-12 03:58:20.633  INFO 18876 --- [main] org.hibernate.Version                    : HHH000412: Hibernate ORM core version 5.6.3.Final
2022-01-12 03:58:20.737  INFO 18876 --- [main] o.hibernate.annotations.common.Version   : HCANN000001: Hibernate Commons Annotations {5.1.2.Final}
2022-01-12 03:58:20.803  INFO 18876 --- [main] com.zaxxer.hikari.HikariDataSource       : HikariPool-1 - Starting...
2022-01-12 03:58:21.020  INFO 18876 --- [main] com.zaxxer.hikari.HikariDataSource       : HikariPool-1 - Start completed.
2022-01-12 03:58:21.029  INFO 18876 --- [main] org.hibernate.dialect.Dialect            : HHH000400: Using dialect: org.hibernate.dialect.MySQL57Dialect
2022-01-12 03:58:21.592  INFO 18876 --- [main] o.h.e.t.j.p.i.JtaPlatformInitiator       : HHH000490: Using JtaPlatform implementation: [org.hibernate.engine.transaction.jta.platform.internal.NoJtaPlatform]
2022-01-12 03:58:21.611  INFO 18876 --- [main] j.LocalContainerEntityManagerFactoryBean : Initialized JPA EntityManagerFactory for persistence unit 'default'
2022-01-12 03:58:21.831  WARN 18876 --- [main] JpaBaseConfiguration$JpaWebConfiguration : spring.jpa.open-in-view is enabled by default. Therefore, database queries may be performed during view rendering. Explicitly configure spring.jpa.open-in-view to disable this warning
2022-01-12 03:58:21.868  INFO 18876 --- [main] .s.s.UserDetailsServiceAutoConfiguration : 

Using generated security password: e2de823f-ef82-4412-b9e2-83ad444ac034

2022-01-12 03:58:21.910  WARN 18876 --- [main] ConfigServletWebServerApplicationContext : Exception encountered during context initialization - cancelling refresh attempt: org.springframework.beans.factory.BeanCreationException: Error creating bean with name 'springSecurityFilterChain' defined in class path resource [org/springframework/security/config/annotation/web/configuration/WebSecurityConfiguration.class]: Bean instantiation via factory method failed; nested exception is org.springframework.beans.BeanInstantiationException: Failed to instantiate [javax.servlet.Filter]: Factory method 'springSecurityFilterChain' threw exception; nested exception is org.springframework.beans.factory.NoSuchBeanDefinitionException: No qualifying bean of type 'org.springframework.security.oauth2.client.registration.ClientRegistrationRepository' available
2022-01-12 03:58:21.911  INFO 18876 --- [main] j.LocalContainerEntityManagerFactoryBean : Closing JPA EntityManagerFactory for persistence unit 'default'
2022-01-12 03:58:21.911  INFO 18876 --- [main] com.zaxxer.hikari.HikariDataSource       : HikariPool-1 - Shutdown initiated...
2022-01-12 03:58:21.921  INFO 18876 --- [main] com.zaxxer.hikari.HikariDataSource       : HikariPool-1 - Shutdown completed.
2022-01-12 03:58:21.922  INFO 18876 --- [main] o.apache.catalina.core.StandardService   : Stopping service [Tomcat]
2022-01-12 03:58:21.930  INFO 18876 --- [main] ConditionEvaluationReportLoggingListener : 

Error starting ApplicationContext. To display the conditions report re-run your application with 'debug' enabled.
2022-01-12 03:58:21.941 ERROR 18876 --- [main] o.s.b.d.LoggingFailureAnalysisReporter   : 

***************************
APPLICATION FAILED TO START
***************************

Description:

Method springSecurityFilterChain in org.springframework.security.config.annotation.web.configuration.WebSecurityConfiguration required a bean of type 'org.springframework.security.oauth2.client.registration.ClientRegistrationRepository' that could not be found.


Action:

Consider defining a bean of type 'org.springframework.security.oauth2.client.registration.ClientRegistrationRepository' in your configuration.

2022-01-12 04:02:00.021  INFO 18544 --- [main] c.e.b.BeyondMeetingApplication           : Starting BeyondMeetingApplication using Java 11.0.13 on DESKTOP-KVCQHCD with PID 18544 (C:\Users\multicampus\Git\공통PJT\skeleton-project\beyondMeeting\build\classes\java\main started by multicampus in C:\Users\multicampus\Git\공통PJT\skeleton-project\beyondMeeting)
2022-01-12 04:02:00.023  INFO 18544 --- [main] c.e.b.BeyondMeetingApplication           : No active profile set, falling back to default profiles: default
2022-01-12 04:02:00.468  INFO 18544 --- [main] .s.d.r.c.RepositoryConfigurationDelegate : Bootstrapping Spring Data JPA repositories in DEFAULT mode.
2022-01-12 04:02:00.505  INFO 18544 --- [main] .s.d.r.c.RepositoryConfigurationDelegate : Finished Spring Data repository scanning in 30 ms. Found 1 JPA repository interfaces.
2022-01-12 04:02:01.146  INFO 18544 --- [main] o.s.b.w.embedded.tomcat.TomcatWebServer  : Tomcat initialized with port(s): 8080 (http)
2022-01-12 04:02:01.153  INFO 18544 --- [main] o.apache.catalina.core.StandardService   : Starting service [Tomcat]
2022-01-12 04:02:01.154  INFO 18544 --- [main] org.apache.catalina.core.StandardEngine  : Starting Servlet engine: [Apache Tomcat/9.0.56]
2022-01-12 04:02:01.234  INFO 18544 --- [main] o.a.c.c.C.[Tomcat].[localhost].[/]       : Initializing Spring embedded WebApplicationContext
2022-01-12 04:02:01.234  INFO 18544 --- [main] w.s.c.ServletWebServerApplicationContext : Root WebApplicationContext: initialization completed in 1178 ms
2022-01-12 04:02:01.348  INFO 18544 --- [main] o.hibernate.jpa.internal.util.LogHelper  : HHH000204: Processing PersistenceUnitInfo [name: default]
2022-01-12 04:02:01.379  INFO 18544 --- [main] org.hibernate.Version                    : HHH000412: Hibernate ORM core version 5.6.3.Final
2022-01-12 04:02:01.486  INFO 18544 --- [main] o.hibernate.annotations.common.Version   : HCANN000001: Hibernate Commons Annotations {5.1.2.Final}
2022-01-12 04:02:01.554  INFO 18544 --- [main] com.zaxxer.hikari.HikariDataSource       : HikariPool-1 - Starting...
2022-01-12 04:02:01.757  INFO 18544 --- [main] com.zaxxer.hikari.HikariDataSource       : HikariPool-1 - Start completed.
2022-01-12 04:02:01.766  INFO 18544 --- [main] org.hibernate.dialect.Dialect            : HHH000400: Using dialect: org.hibernate.dialect.MySQL57Dialect
2022-01-12 04:02:02.146  INFO 18544 --- [main] o.h.e.t.j.p.i.JtaPlatformInitiator       : HHH000490: Using JtaPlatform implementation: [org.hibernate.engine.transaction.jta.platform.internal.NoJtaPlatform]
2022-01-12 04:02:02.153  INFO 18544 --- [main] j.LocalContainerEntityManagerFactoryBean : Initialized JPA EntityManagerFactory for persistence unit 'default'
2022-01-12 04:02:02.373  WARN 18544 --- [main] JpaBaseConfiguration$JpaWebConfiguration : spring.jpa.open-in-view is enabled by default. Therefore, database queries may be performed during view rendering. Explicitly configure spring.jpa.open-in-view to disable this warning
2022-01-12 04:02:02.413  INFO 18544 --- [main] .s.s.UserDetailsServiceAutoConfiguration : 

Using generated security password: 9ea09625-f9bd-40e5-8b6b-f257d8d31fd6

2022-01-12 04:02:02.456  WARN 18544 --- [main] ConfigServletWebServerApplicationContext : Exception encountered during context initialization - cancelling refresh attempt: org.springframework.beans.factory.BeanCreationException: Error creating bean with name 'springSecurityFilterChain' defined in class path resource [org/springframework/security/config/annotation/web/configuration/WebSecurityConfiguration.class]: Bean instantiation via factory method failed; nested exception is org.springframework.beans.BeanInstantiationException: Failed to instantiate [javax.servlet.Filter]: Factory method 'springSecurityFilterChain' threw exception; nested exception is org.springframework.beans.factory.NoSuchBeanDefinitionException: No qualifying bean of type 'org.springframework.security.oauth2.client.registration.ClientRegistrationRepository' available
2022-01-12 04:02:02.456  INFO 18544 --- [main] j.LocalContainerEntityManagerFactoryBean : Closing JPA EntityManagerFactory for persistence unit 'default'
2022-01-12 04:02:02.457  INFO 18544 --- [main] com.zaxxer.hikari.HikariDataSource       : HikariPool-1 - Shutdown initiated...
2022-01-12 04:02:02.466  INFO 18544 --- [main] com.zaxxer.hikari.HikariDataSource       : HikariPool-1 - Shutdown completed.
2022-01-12 04:02:02.467  INFO 18544 --- [main] o.apache.catalina.core.StandardService   : Stopping service [Tomcat]
2022-01-12 04:02:02.475  INFO 18544 --- [main] ConditionEvaluationReportLoggingListener : 

Error starting ApplicationContext. To display the conditions report re-run your application with 'debug' enabled.
2022-01-12 04:02:02.486 ERROR 18544 --- [main] o.s.b.d.LoggingFailureAnalysisReporter   : 

***************************
APPLICATION FAILED TO START
***************************

Description:

Method springSecurityFilterChain in org.springframework.security.config.annotation.web.configuration.WebSecurityConfiguration required a bean of type 'org.springframework.security.oauth2.client.registration.ClientRegistrationRepository' that could not be found.


Action:

Consider defining a bean of type 'org.springframework.security.oauth2.client.registration.ClientRegistrationRepository' in your configuration.

2022-01-12 04:05:30.491  INFO 1736 --- [main] c.e.b.BeyondMeetingApplication           : Starting BeyondMeetingApplication using Java 11.0.13 on DESKTOP-KVCQHCD with PID 1736 (C:\Users\multicampus\Git\공통PJT\skeleton-project\beyondMeeting\build\classes\java\main started by multicampus in C:\Users\multicampus\Git\공통PJT\skeleton-project\beyondMeeting)
2022-01-12 04:05:30.493  INFO 1736 --- [main] c.e.b.BeyondMeetingApplication           : No active profile set, falling back to default profiles: default
2022-01-12 04:05:30.935  INFO 1736 --- [main] .s.d.r.c.RepositoryConfigurationDelegate : Bootstrapping Spring Data JPA repositories in DEFAULT mode.
2022-01-12 04:05:30.971  INFO 1736 --- [main] .s.d.r.c.RepositoryConfigurationDelegate : Finished Spring Data repository scanning in 30 ms. Found 1 JPA repository interfaces.
2022-01-12 04:05:31.597  INFO 1736 --- [main] o.s.b.w.embedded.tomcat.TomcatWebServer  : Tomcat initialized with port(s): 8080 (http)
2022-01-12 04:05:31.605  INFO 1736 --- [main] o.apache.catalina.core.StandardService   : Starting service [Tomcat]
2022-01-12 04:05:31.605  INFO 1736 --- [main] org.apache.catalina.core.StandardEngine  : Starting Servlet engine: [Apache Tomcat/9.0.56]
2022-01-12 04:05:31.717  INFO 1736 --- [main] o.a.c.c.C.[Tomcat].[localhost].[/]       : Initializing Spring embedded WebApplicationContext
2022-01-12 04:05:31.718  INFO 1736 --- [main] w.s.c.ServletWebServerApplicationContext : Root WebApplicationContext: initialization completed in 1196 ms
2022-01-12 04:05:31.829  INFO 1736 --- [main] o.hibernate.jpa.internal.util.LogHelper  : HHH000204: Processing PersistenceUnitInfo [name: default]
2022-01-12 04:05:31.859  INFO 1736 --- [main] org.hibernate.Version                    : HHH000412: Hibernate ORM core version 5.6.3.Final
2022-01-12 04:05:31.967  INFO 1736 --- [main] o.hibernate.annotations.common.Version   : HCANN000001: Hibernate Commons Annotations {5.1.2.Final}
2022-01-12 04:05:32.034  INFO 1736 --- [main] com.zaxxer.hikari.HikariDataSource       : HikariPool-1 - Starting...
2022-01-12 04:05:32.237  INFO 1736 --- [main] com.zaxxer.hikari.HikariDataSource       : HikariPool-1 - Start completed.
2022-01-12 04:05:32.246  INFO 1736 --- [main] org.hibernate.dialect.Dialect            : HHH000400: Using dialect: org.hibernate.dialect.MySQL57Dialect
2022-01-12 04:05:32.627  INFO 1736 --- [main] o.h.e.t.j.p.i.JtaPlatformInitiator       : HHH000490: Using JtaPlatform implementation: [org.hibernate.engine.transaction.jta.platform.internal.NoJtaPlatform]
2022-01-12 04:05:32.634  INFO 1736 --- [main] j.LocalContainerEntityManagerFactoryBean : Initialized JPA EntityManagerFactory for persistence unit 'default'
2022-01-12 04:05:32.854  WARN 1736 --- [main] JpaBaseConfiguration$JpaWebConfiguration : spring.jpa.open-in-view is enabled by default. Therefore, database queries may be performed during view rendering. Explicitly configure spring.jpa.open-in-view to disable this warning
2022-01-12 04:05:32.891  INFO 1736 --- [main] .s.s.UserDetailsServiceAutoConfiguration : 

Using generated security password: bff3baae-96f7-4a2c-9bd9-37b3281a6a3d

2022-01-12 04:05:32.934  WARN 1736 --- [main] ConfigServletWebServerApplicationContext : Exception encountered during context initialization - cancelling refresh attempt: org.springframework.beans.factory.BeanCreationException: Error creating bean with name 'springSecurityFilterChain' defined in class path resource [org/springframework/security/config/annotation/web/configuration/WebSecurityConfiguration.class]: Bean instantiation via factory method failed; nested exception is org.springframework.beans.BeanInstantiationException: Failed to instantiate [javax.servlet.Filter]: Factory method 'springSecurityFilterChain' threw exception; nested exception is org.springframework.beans.factory.NoSuchBeanDefinitionException: No qualifying bean of type 'org.springframework.security.oauth2.client.registration.ClientRegistrationRepository' available
2022-01-12 04:05:32.934  INFO 1736 --- [main] j.LocalContainerEntityManagerFactoryBean : Closing JPA EntityManagerFactory for persistence unit 'default'
2022-01-12 04:05:32.935  INFO 1736 --- [main] com.zaxxer.hikari.HikariDataSource       : HikariPool-1 - Shutdown initiated...
2022-01-12 04:05:32.944  INFO 1736 --- [main] com.zaxxer.hikari.HikariDataSource       : HikariPool-1 - Shutdown completed.
2022-01-12 04:05:32.945  INFO 1736 --- [main] o.apache.catalina.core.StandardService   : Stopping service [Tomcat]
2022-01-12 04:05:32.953  INFO 1736 --- [main] ConditionEvaluationReportLoggingListener : 

Error starting ApplicationContext. To display the conditions report re-run your application with 'debug' enabled.
2022-01-12 04:05:32.964 ERROR 1736 --- [main] o.s.b.d.LoggingFailureAnalysisReporter   : 

***************************
APPLICATION FAILED TO START
***************************

Description:

Method springSecurityFilterChain in org.springframework.security.config.annotation.web.configuration.WebSecurityConfiguration required a bean of type 'org.springframework.security.oauth2.client.registration.ClientRegistrationRepository' that could not be found.


Action:

Consider defining a bean of type 'org.springframework.security.oauth2.client.registration.ClientRegistrationRepository' in your configuration.

2022-01-12 04:10:10.389  INFO 16040 --- [main] c.e.b.BeyondMeetingApplication           : Starting BeyondMeetingApplication using Java 11.0.13 on DESKTOP-KVCQHCD with PID 16040 (C:\Users\multicampus\Git\공통PJT\skeleton-project\beyondMeeting\build\classes\java\main started by multicampus in C:\Users\multicampus\Git\공통PJT\skeleton-project\beyondMeeting)
2022-01-12 04:10:10.391  INFO 16040 --- [main] c.e.b.BeyondMeetingApplication           : No active profile set, falling back to default profiles: default
2022-01-12 04:10:10.833  INFO 16040 --- [main] .s.d.r.c.RepositoryConfigurationDelegate : Bootstrapping Spring Data JPA repositories in DEFAULT mode.
2022-01-12 04:10:10.869  INFO 16040 --- [main] .s.d.r.c.RepositoryConfigurationDelegate : Finished Spring Data repository scanning in 30 ms. Found 1 JPA repository interfaces.
2022-01-12 04:10:11.502  INFO 16040 --- [main] o.s.b.w.embedded.tomcat.TomcatWebServer  : Tomcat initialized with port(s): 8080 (http)
2022-01-12 04:10:11.509  INFO 16040 --- [main] o.apache.catalina.core.StandardService   : Starting service [Tomcat]
2022-01-12 04:10:11.510  INFO 16040 --- [main] org.apache.catalina.core.StandardEngine  : Starting Servlet engine: [Apache Tomcat/9.0.56]
2022-01-12 04:10:11.588  INFO 16040 --- [main] o.a.c.c.C.[Tomcat].[localhost].[/]       : Initializing Spring embedded WebApplicationContext
2022-01-12 04:10:11.588  INFO 16040 --- [main] w.s.c.ServletWebServerApplicationContext : Root WebApplicationContext: initialization completed in 1167 ms
2022-01-12 04:10:11.701  INFO 16040 --- [main] o.hibernate.jpa.internal.util.LogHelper  : HHH000204: Processing PersistenceUnitInfo [name: default]
2022-01-12 04:10:11.733  INFO 16040 --- [main] org.hibernate.Version                    : HHH000412: Hibernate ORM core version 5.6.3.Final
2022-01-12 04:10:11.839  INFO 16040 --- [main] o.hibernate.annotations.common.Version   : HCANN000001: Hibernate Commons Annotations {5.1.2.Final}
2022-01-12 04:10:11.906  INFO 16040 --- [main] com.zaxxer.hikari.HikariDataSource       : HikariPool-1 - Starting...
2022-01-12 04:10:12.108  INFO 16040 --- [main] com.zaxxer.hikari.HikariDataSource       : HikariPool-1 - Start completed.
2022-01-12 04:10:12.117  INFO 16040 --- [main] org.hibernate.dialect.Dialect            : HHH000400: Using dialect: org.hibernate.dialect.MySQL57Dialect
2022-01-12 04:10:12.494  INFO 16040 --- [main] o.h.e.t.j.p.i.JtaPlatformInitiator       : HHH000490: Using JtaPlatform implementation: [org.hibernate.engine.transaction.jta.platform.internal.NoJtaPlatform]
2022-01-12 04:10:12.500  INFO 16040 --- [main] j.LocalContainerEntityManagerFactoryBean : Initialized JPA EntityManagerFactory for persistence unit 'default'
2022-01-12 04:10:12.719  WARN 16040 --- [main] JpaBaseConfiguration$JpaWebConfiguration : spring.jpa.open-in-view is enabled by default. Therefore, database queries may be performed during view rendering. Explicitly configure spring.jpa.open-in-view to disable this warning
2022-01-12 04:10:12.758  INFO 16040 --- [main] .s.s.UserDetailsServiceAutoConfiguration : 

Using generated security password: 963de834-c5c8-468a-aa3d-3f3fe53a0804

2022-01-12 04:10:12.804  WARN 16040 --- [main] ConfigServletWebServerApplicationContext : Exception encountered during context initialization - cancelling refresh attempt: org.springframework.beans.factory.BeanCreationException: Error creating bean with name 'springSecurityFilterChain' defined in class path resource [org/springframework/security/config/annotation/web/configuration/WebSecurityConfiguration.class]: Bean instantiation via factory method failed; nested exception is org.springframework.beans.BeanInstantiationException: Failed to instantiate [javax.servlet.Filter]: Factory method 'springSecurityFilterChain' threw exception; nested exception is org.springframework.beans.factory.NoSuchBeanDefinitionException: No qualifying bean of type 'org.springframework.security.oauth2.client.registration.ClientRegistrationRepository' available
2022-01-12 04:10:12.805  INFO 16040 --- [main] j.LocalContainerEntityManagerFactoryBean : Closing JPA EntityManagerFactory for persistence unit 'default'
2022-01-12 04:10:12.806  INFO 16040 --- [main] com.zaxxer.hikari.HikariDataSource       : HikariPool-1 - Shutdown initiated...
2022-01-12 04:10:12.815  INFO 16040 --- [main] com.zaxxer.hikari.HikariDataSource       : HikariPool-1 - Shutdown completed.
2022-01-12 04:10:12.816  INFO 16040 --- [main] o.apache.catalina.core.StandardService   : Stopping service [Tomcat]
2022-01-12 04:10:12.824  INFO 16040 --- [main] ConditionEvaluationReportLoggingListener : 

Error starting ApplicationContext. To display the conditions report re-run your application with 'debug' enabled.
2022-01-12 04:10:12.835 ERROR 16040 --- [main] o.s.b.d.LoggingFailureAnalysisReporter   : 

***************************
APPLICATION FAILED TO START
***************************

Description:

Method springSecurityFilterChain in org.springframework.security.config.annotation.web.configuration.WebSecurityConfiguration required a bean of type 'org.springframework.security.oauth2.client.registration.ClientRegistrationRepository' that could not be found.


Action:

Consider defining a bean of type 'org.springframework.security.oauth2.client.registration.ClientRegistrationRepository' in your configuration.

2022-01-12 04:20:21.044  INFO 21992 --- [main] c.e.b.BeyondMeetingApplication           : Starting BeyondMeetingApplication using Java 11.0.13 on DESKTOP-KVCQHCD with PID 21992 (C:\Users\multicampus\Git\공통PJT\skeleton-project\beyondMeeting\build\classes\java\main started by multicampus in C:\Users\multicampus\Git\공통PJT\skeleton-project\beyondMeeting)
2022-01-12 04:20:21.046  INFO 21992 --- [main] c.e.b.BeyondMeetingApplication           : No active profile set, falling back to default profiles: default
2022-01-12 04:20:21.488  INFO 21992 --- [main] .s.d.r.c.RepositoryConfigurationDelegate : Bootstrapping Spring Data JPA repositories in DEFAULT mode.
2022-01-12 04:20:21.524  INFO 21992 --- [main] .s.d.r.c.RepositoryConfigurationDelegate : Finished Spring Data repository scanning in 30 ms. Found 1 JPA repository interfaces.
2022-01-12 04:20:22.163  INFO 21992 --- [main] o.s.b.w.embedded.tomcat.TomcatWebServer  : Tomcat initialized with port(s): 8080 (http)
2022-01-12 04:20:22.170  INFO 21992 --- [main] o.apache.catalina.core.StandardService   : Starting service [Tomcat]
2022-01-12 04:20:22.171  INFO 21992 --- [main] org.apache.catalina.core.StandardEngine  : Starting Servlet engine: [Apache Tomcat/9.0.56]
2022-01-12 04:20:22.250  INFO 21992 --- [main] o.a.c.c.C.[Tomcat].[localhost].[/]       : Initializing Spring embedded WebApplicationContext
2022-01-12 04:20:22.250  INFO 21992 --- [main] w.s.c.ServletWebServerApplicationContext : Root WebApplicationContext: initialization completed in 1171 ms
2022-01-12 04:20:22.365  INFO 21992 --- [main] o.hibernate.jpa.internal.util.LogHelper  : HHH000204: Processing PersistenceUnitInfo [name: default]
2022-01-12 04:20:22.396  INFO 21992 --- [main] org.hibernate.Version                    : HHH000412: Hibernate ORM core version 5.6.3.Final
2022-01-12 04:20:22.503  INFO 21992 --- [main] o.hibernate.annotations.common.Version   : HCANN000001: Hibernate Commons Annotations {5.1.2.Final}
2022-01-12 04:20:22.571  INFO 21992 --- [main] com.zaxxer.hikari.HikariDataSource       : HikariPool-1 - Starting...
2022-01-12 04:20:22.776  INFO 21992 --- [main] com.zaxxer.hikari.HikariDataSource       : HikariPool-1 - Start completed.
2022-01-12 04:20:22.786  INFO 21992 --- [main] org.hibernate.dialect.Dialect            : HHH000400: Using dialect: org.hibernate.dialect.MySQL57Dialect
2022-01-12 04:20:23.168  INFO 21992 --- [main] o.h.e.t.j.p.i.JtaPlatformInitiator       : HHH000490: Using JtaPlatform implementation: [org.hibernate.engine.transaction.jta.platform.internal.NoJtaPlatform]
2022-01-12 04:20:23.176  INFO 21992 --- [main] j.LocalContainerEntityManagerFactoryBean : Initialized JPA EntityManagerFactory for persistence unit 'default'
2022-01-12 04:20:23.395  WARN 21992 --- [main] JpaBaseConfiguration$JpaWebConfiguration : spring.jpa.open-in-view is enabled by default. Therefore, database queries may be performed during view rendering. Explicitly configure spring.jpa.open-in-view to disable this warning
2022-01-12 04:20:23.431  INFO 21992 --- [main] .s.s.UserDetailsServiceAutoConfiguration : 

Using generated security password: d708e7a9-ed1d-4389-a129-28a09eea991d

2022-01-12 04:20:23.475  WARN 21992 --- [main] ConfigServletWebServerApplicationContext : Exception encountered during context initialization - cancelling refresh attempt: org.springframework.beans.factory.BeanCreationException: Error creating bean with name 'springSecurityFilterChain' defined in class path resource [org/springframework/security/config/annotation/web/configuration/WebSecurityConfiguration.class]: Bean instantiation via factory method failed; nested exception is org.springframework.beans.BeanInstantiationException: Failed to instantiate [javax.servlet.Filter]: Factory method 'springSecurityFilterChain' threw exception; nested exception is org.springframework.beans.factory.NoSuchBeanDefinitionException: No qualifying bean of type 'org.springframework.security.oauth2.client.registration.ClientRegistrationRepository' available
2022-01-12 04:20:23.476  INFO 21992 --- [main] j.LocalContainerEntityManagerFactoryBean : Closing JPA EntityManagerFactory for persistence unit 'default'
2022-01-12 04:20:23.477  INFO 21992 --- [main] com.zaxxer.hikari.HikariDataSource       : HikariPool-1 - Shutdown initiated...
2022-01-12 04:20:23.486  INFO 21992 --- [main] com.zaxxer.hikari.HikariDataSource       : HikariPool-1 - Shutdown completed.
2022-01-12 04:20:23.487  INFO 21992 --- [main] o.apache.catalina.core.StandardService   : Stopping service [Tomcat]
2022-01-12 04:20:23.496  INFO 21992 --- [main] ConditionEvaluationReportLoggingListener : 

Error starting ApplicationContext. To display the conditions report re-run your application with 'debug' enabled.
2022-01-12 04:20:23.507 ERROR 21992 --- [main] o.s.b.d.LoggingFailureAnalysisReporter   : 

***************************
APPLICATION FAILED TO START
***************************

Description:

Method springSecurityFilterChain in org.springframework.security.config.annotation.web.configuration.WebSecurityConfiguration required a bean of type 'org.springframework.security.oauth2.client.registration.ClientRegistrationRepository' that could not be found.


Action:

Consider defining a bean of type 'org.springframework.security.oauth2.client.registration.ClientRegistrationRepository' in your configuration.

2022-01-12 04:31:38.960  INFO 21796 --- [main] c.e.b.BeyondMeetingApplication           : Starting BeyondMeetingApplication using Java 11.0.13 on DESKTOP-KVCQHCD with PID 21796 (C:\Users\multicampus\Git\공통PJT\skeleton-project\beyondMeeting\build\classes\java\main started by multicampus in C:\Users\multicampus\Git\공통PJT\skeleton-project\beyondMeeting)
2022-01-12 04:31:38.963  INFO 21796 --- [main] c.e.b.BeyondMeetingApplication           : No active profile set, falling back to default profiles: default
2022-01-12 04:31:39.413  INFO 21796 --- [main] .s.d.r.c.RepositoryConfigurationDelegate : Bootstrapping Spring Data JPA repositories in DEFAULT mode.
2022-01-12 04:31:39.450  INFO 21796 --- [main] .s.d.r.c.RepositoryConfigurationDelegate : Finished Spring Data repository scanning in 31 ms. Found 1 JPA repository interfaces.
2022-01-12 04:31:40.089  INFO 21796 --- [main] o.s.b.w.embedded.tomcat.TomcatWebServer  : Tomcat initialized with port(s): 8080 (http)
2022-01-12 04:31:40.097  INFO 21796 --- [main] o.apache.catalina.core.StandardService   : Starting service [Tomcat]
2022-01-12 04:31:40.098  INFO 21796 --- [main] org.apache.catalina.core.StandardEngine  : Starting Servlet engine: [Apache Tomcat/9.0.56]
2022-01-12 04:31:40.176  INFO 21796 --- [main] o.a.c.c.C.[Tomcat].[localhost].[/]       : Initializing Spring embedded WebApplicationContext
2022-01-12 04:31:40.177  INFO 21796 --- [main] w.s.c.ServletWebServerApplicationContext : Root WebApplicationContext: initialization completed in 1182 ms
2022-01-12 04:31:40.290  INFO 21796 --- [main] o.hibernate.jpa.internal.util.LogHelper  : HHH000204: Processing PersistenceUnitInfo [name: default]
2022-01-12 04:31:40.320  INFO 21796 --- [main] org.hibernate.Version                    : HHH000412: Hibernate ORM core version 5.6.3.Final
2022-01-12 04:31:40.431  INFO 21796 --- [main] o.hibernate.annotations.common.Version   : HCANN000001: Hibernate Commons Annotations {5.1.2.Final}
2022-01-12 04:31:40.498  INFO 21796 --- [main] com.zaxxer.hikari.HikariDataSource       : HikariPool-1 - Starting...
2022-01-12 04:31:40.700  INFO 21796 --- [main] com.zaxxer.hikari.HikariDataSource       : HikariPool-1 - Start completed.
2022-01-12 04:31:40.710  INFO 21796 --- [main] org.hibernate.dialect.Dialect            : HHH000400: Using dialect: org.hibernate.dialect.MySQL57Dialect
2022-01-12 04:31:41.093  INFO 21796 --- [main] o.h.e.t.j.p.i.JtaPlatformInitiator       : HHH000490: Using JtaPlatform implementation: [org.hibernate.engine.transaction.jta.platform.internal.NoJtaPlatform]
2022-01-12 04:31:41.100  INFO 21796 --- [main] j.LocalContainerEntityManagerFactoryBean : Initialized JPA EntityManagerFactory for persistence unit 'default'
2022-01-12 04:31:41.322  WARN 21796 --- [main] JpaBaseConfiguration$JpaWebConfiguration : spring.jpa.open-in-view is enabled by default. Therefore, database queries may be performed during view rendering. Explicitly configure spring.jpa.open-in-view to disable this warning
2022-01-12 04:31:41.361  INFO 21796 --- [main] .s.s.UserDetailsServiceAutoConfiguration : 

Using generated security password: 721bbcce-de78-4592-b10f-f65e624c49f9

2022-01-12 04:31:41.408  WARN 21796 --- [main] ConfigServletWebServerApplicationContext : Exception encountered during context initialization - cancelling refresh attempt: org.springframework.beans.factory.BeanCreationException: Error creating bean with name 'springSecurityFilterChain' defined in class path resource [org/springframework/security/config/annotation/web/configuration/WebSecurityConfiguration.class]: Bean instantiation via factory method failed; nested exception is org.springframework.beans.BeanInstantiationException: Failed to instantiate [javax.servlet.Filter]: Factory method 'springSecurityFilterChain' threw exception; nested exception is org.springframework.beans.factory.NoSuchBeanDefinitionException: No qualifying bean of type 'org.springframework.security.oauth2.client.registration.ClientRegistrationRepository' available
2022-01-12 04:31:41.408  INFO 21796 --- [main] j.LocalContainerEntityManagerFactoryBean : Closing JPA EntityManagerFactory for persistence unit 'default'
2022-01-12 04:31:41.409  INFO 21796 --- [main] com.zaxxer.hikari.HikariDataSource       : HikariPool-1 - Shutdown initiated...
2022-01-12 04:31:41.419  INFO 21796 --- [main] com.zaxxer.hikari.HikariDataSource       : HikariPool-1 - Shutdown completed.
2022-01-12 04:31:41.420  INFO 21796 --- [main] o.apache.catalina.core.StandardService   : Stopping service [Tomcat]
2022-01-12 04:31:41.428  INFO 21796 --- [main] ConditionEvaluationReportLoggingListener : 

Error starting ApplicationContext. To display the conditions report re-run your application with 'debug' enabled.
2022-01-12 04:31:41.439 ERROR 21796 --- [main] o.s.b.d.LoggingFailureAnalysisReporter   : 

***************************
APPLICATION FAILED TO START
***************************

Description:

Method springSecurityFilterChain in org.springframework.security.config.annotation.web.configuration.WebSecurityConfiguration required a bean of type 'org.springframework.security.oauth2.client.registration.ClientRegistrationRepository' that could not be found.


Action:

Consider defining a bean of type 'org.springframework.security.oauth2.client.registration.ClientRegistrationRepository' in your configuration.

